0 info it worked if it ends with ok
1 verbose cli [ 'C:\\Program Files\\nodejs\\node.exe',
1 verbose cli   'C:\\Program Files\\nodejs\\node_modules\\npm\\bin\\npm-cli.js',
1 verbose cli   'run',
1 verbose cli   'dev' ]
2 info using npm@3.10.10
3 info using node@v6.9.5
4 verbose run-script [ 'predev', 'dev', 'postdev' ]
5 info lifecycle yofc-cmp-admin@0.1.0~predev: yofc-cmp-admin@0.1.0
6 silly lifecycle yofc-cmp-admin@0.1.0~predev: no script for predev, continuing
7 info lifecycle yofc-cmp-admin@0.1.0~dev: yofc-cmp-admin@0.1.0
8 verbose lifecycle yofc-cmp-admin@0.1.0~dev: unsafe-perm in lifecycle true
9 verbose lifecycle yofc-cmp-admin@0.1.0~dev: PATH: C:\Users\lafeillou\AppData\Roaming\nvm\v6.9.5\node_modules\npm\bin\node-gyp-bin;D:\yofc-cmp-admin-v3\node_modules\.bin;D:\python2\;D:\python2\Scripts;C:\ProgramData\Oracle\Java\javapath;C:\Program Files (x86)\AMD APP\bin\x86_64;C:\Program Files (x86)\AMD APP\bin\x86;C:\Windows\system32;C:\Windows;C:\Windows\System32\Wbem;C:\Windows\System32\WindowsPowerShell\v1.0\;C:\Program Files\Intel\WiFi\bin\;C:\Program Files\Common Files\Intel\WirelessCommon\;C:\Program Files (x86)\ATI Technologies\ATI.ACE\Core-Static;C:\Program Files\Microsoft SQL Server\110\Tools\Binn\;D:\phantomjs\bin;C:\HashiCorp\Vagrant\bin;D:\gitExtension\;d:\Program Files\Git\cmd;C:\Program Files (x86)\OpenSSH for Windows\bin;C:\Users\lafeillou\AppData\Roaming\nvm;C:\Program Files\nodejs;C:\Users\lafeillou\AppData\Local\Programs\Python\Python36-32\Scripts\;C:\Users\lafeillou\AppData\Local\Programs\Python\Python36-32\;d:\Ruby23-x64\bin;C:\Program Files\Intel\WiFi\bin\;C:\Program Files\Common Files\Intel\WirelessCommon\;C:\Program Files\MongoDB\Server\3.2\bin;C:\Users\lafeillou\.lein\bin;C:\Users\lafeillou\AppData\Local\atom\bin;C:\Program Files (x86)\Microsoft VS Code\bin;D:\Docker Toolbox;C:\Users\lafeillou\AppData\Roaming\nvm;C:\Program Files\nodejs
10 verbose lifecycle yofc-cmp-admin@0.1.0~dev: CWD: D:\yofc-cmp-admin-v3
11 silly lifecycle yofc-cmp-admin@0.1.0~dev: Args: [ '/d /s /c',
11 silly lifecycle   'cross-env NODE_ENV=development webpack-dev-server --progress --bail --open' ]
12 verbose stack Error: kill ENOSYS
12 verbose stack     at exports._errnoException (util.js:1022:11)
12 verbose stack     at process.kill (internal/process.js:172:13)
12 verbose stack     at process.listener (C:\Users\lafeillou\AppData\Roaming\nvm\v6.9.5\node_modules\npm\node_modules\npmlog\node_modules\gauge\node_modules\signal-exit\index.js:86:15)
12 verbose stack     at emitNone (events.js:91:20)
12 verbose stack     at process.emit (events.js:185:7)
12 verbose stack     at processEmit (C:\Users\lafeillou\AppData\Roaming\nvm\v6.9.5\node_modules\npm\node_modules\npmlog\node_modules\gauge\node_modules\signal-exit\index.js:146:32)
12 verbose stack     at processEmit (C:\Users\lafeillou\AppData\Roaming\nvm\v6.9.5\node_modules\npm\node_modules\npm-registry-client\node_modules\npmlog\node_modules\gauge\node_modules\signal-exit\index.js:146:32)
12 verbose stack     at Signal.wrap.onsignal (internal/process.js:199:44)
13 verbose cwd D:\yofc-cmp-admin-v3\src
14 error Windows_NT 6.1.7601
15 error argv "C:\\Program Files\\nodejs\\node.exe" "C:\\Program Files\\nodejs\\node_modules\\npm\\bin\\npm-cli.js" "run" "dev"
16 error node v6.9.5
17 error npm  v3.10.10
18 error code ENOSYS
19 error errno ENOSYS
20 error syscall kill
21 error kill ENOSYS
22 error If you need help, you may report this error at:
22 error     <https://github.com/npm/npm/issues>
23 verbose exit [ 1, true ]
